<?xml version="1.0" encoding="UTF-8"?>
<!-- Generated by org.testng.reporters.JUnitReportReporter -->
<testsuite skipped="0" hostname="Vinutha" name="MyRunner.TestngRunner" tests="1" failures="0" timestamp="23 Mar 2020 06:50:37 GMT" time="105.247" errors="0">
  <testcase name="feature" time="105.247" classname="MyRunner.TestngRunner"/>
</testsuite> <!-- MyRunner.TestngRunner -->
